[debug] [2025-12-15T16:05:57.580Z] ----------------------------------------------------------------------
[debug] [2025-12-15T16:05:57.584Z] Command:       C:\Program Files\nodejs\node.exe C:\Users\axeli\AppData\Roaming\npm\node_modules\firebase-tools\lib\bin\firebase.js init
[debug] [2025-12-15T16:05:57.585Z] CLI Version:   15.0.0
[debug] [2025-12-15T16:05:57.585Z] Platform:      win32
[debug] [2025-12-15T16:05:57.585Z] Node Version:  v22.20.0
[debug] [2025-12-15T16:05:57.585Z] Time:          Mon Dec 15 2025 13:05:57 GMT-0300 (hora estándar de Argentina)
[debug] [2025-12-15T16:05:57.585Z] ----------------------------------------------------------------------
[debug] 
[info] 
     ######## #### ########  ######## ########     ###     ######  ########
     ##        ##  ##     ## ##       ##     ##  ##   ##  ##       ##
     ######    ##  ########  ######   ########  #########  ######  ######
     ##        ##  ##    ##  ##       ##     ## ##     ##       ## ##
     ##       #### ##     ## ######## ########  ##     ##  ######  ########

You're about to initialize a Firebase project in this directory:

  C:\Users\axeli\Desktop\shift

[debug] [2025-12-15T16:11:23.242Z] ExitPromptError: User force closed the prompt with SIGINT
    at Interface.sigint (C:\Users\axeli\AppData\Roaming\npm\node_modules\firebase-tools\node_modules\@inquirer\core\dist\commonjs\lib\create-prompt.js:101:37)
    at Interface.emit (node:events:519:28)
    at [_ttyWrite] [as _ttyWrite] (node:internal/readline/interface:1128:18)
    at ReadStream.onkeypress (node:internal/readline/interface:271:20)
    at ReadStream.emit (node:events:531:35)
    at emitKeys (node:internal/readline/utils:370:14)
    at emitKeys.next (<anonymous>)
    at ReadStream.onData (node:internal/readline/emitKeypressEvents:64:36)
    at ReadStream.emit (node:events:519:28)
    at addChunk (node:internal/streams/readable:561:12)
[error] 
[error] Error: An unexpected error has occurred.
